::1 - - [29/Jul/2020:13:35:24 +0000] "GET / HTTP/1.1" 200 3198 "-" "Mozilla/5.0 (Windows NT 10.0; Win64; x64) AppleWebKit/537.36 (KHTML, like Gecko) Chrome/84.0.4147.89 Safari/537.36"
::1 - - [29/Jul/2020:19:04:29 +0000] "GET / HTTP/1.1" 200 2348 "-" "Mozilla/5.0 (Windows NT 10.0; Win64; x64) AppleWebKit/537.36 (KHTML, like Gecko) Chrome/84.0.4147.89 Safari/537.36"
::1 - - [29/Jul/2020:19:04:29 +0000] "GET /css/home.css HTTP/1.1" 404 151 "http://localhost:8000/" "Mozilla/5.0 (Windows NT 10.0; Win64; x64) AppleWebKit/537.36 (KHTML, like Gecko) Chrome/84.0.4147.89 Safari/537.36"
::1 - - [29/Jul/2020:19:04:29 +0000] "GET /js/home_post_comments.js HTTP/1.1" 404 163 "http://localhost:8000/" "Mozilla/5.0 (Windows NT 10.0; Win64; x64) AppleWebKit/537.36 (KHTML, like Gecko) Chrome/84.0.4147.89 Safari/537.36"
::1 - - [29/Jul/2020:19:04:29 +0000] "GET /css/footer.css HTTP/1.1" 404 153 "http://localhost:8000/" "Mozilla/5.0 (Windows NT 10.0; Win64; x64) AppleWebKit/537.36 (KHTML, like Gecko) Chrome/84.0.4147.89 Safari/537.36"
::1 - - [29/Jul/2020:19:04:29 +0000] "GET /css/header.css HTTP/1.1" 404 153 "http://localhost:8000/" "Mozilla/5.0 (Windows NT 10.0; Win64; x64) AppleWebKit/537.36 (KHTML, like Gecko) Chrome/84.0.4147.89 Safari/537.36"
::1 - - [29/Jul/2020:19:04:29 +0000] "GET /js/home_posts.js HTTP/1.1" 404 155 "http://localhost:8000/" "Mozilla/5.0 (Windows NT 10.0; Win64; x64) AppleWebKit/537.36 (KHTML, like Gecko) Chrome/84.0.4147.89 Safari/537.36"
::1 - - [29/Jul/2020:19:04:29 +0000] "GET /js/toggle_likes.js HTTP/1.1" 404 157 "http://localhost:8000/" "Mozilla/5.0 (Windows NT 10.0; Win64; x64) AppleWebKit/537.36 (KHTML, like Gecko) Chrome/84.0.4147.89 Safari/537.36"
::1 - - [29/Jul/2020:19:04:29 +0000] "GET /js/chat_engine.js HTTP/1.1" 404 156 "http://localhost:8000/" "Mozilla/5.0 (Windows NT 10.0; Win64; x64) AppleWebKit/537.36 (KHTML, like Gecko) Chrome/84.0.4147.89 Safari/537.36"
::1 - - [29/Jul/2020:19:04:29 +0000] "GET /css/home.css HTTP/1.1" 404 151 "http://localhost:8000/" "Mozilla/5.0 (Windows NT 10.0; Win64; x64) AppleWebKit/537.36 (KHTML, like Gecko) Chrome/84.0.4147.89 Safari/537.36"
::1 - - [29/Jul/2020:19:04:29 +0000] "GET /css/header.css HTTP/1.1" 404 153 "http://localhost:8000/" "Mozilla/5.0 (Windows NT 10.0; Win64; x64) AppleWebKit/537.36 (KHTML, like Gecko) Chrome/84.0.4147.89 Safari/537.36"
::1 - - [29/Jul/2020:19:04:29 +0000] "GET /css/footer.css HTTP/1.1" 404 153 "http://localhost:8000/" "Mozilla/5.0 (Windows NT 10.0; Win64; x64) AppleWebKit/537.36 (KHTML, like Gecko) Chrome/84.0.4147.89 Safari/537.36"
::1 - - [29/Jul/2020:19:04:29 +0000] "GET /js/home_post_comments.js HTTP/1.1" 404 163 "http://localhost:8000/" "Mozilla/5.0 (Windows NT 10.0; Win64; x64) AppleWebKit/537.36 (KHTML, like Gecko) Chrome/84.0.4147.89 Safari/537.36"
::1 - - [29/Jul/2020:19:04:29 +0000] "GET /js/home_posts.js HTTP/1.1" 404 155 "http://localhost:8000/" "Mozilla/5.0 (Windows NT 10.0; Win64; x64) AppleWebKit/537.36 (KHTML, like Gecko) Chrome/84.0.4147.89 Safari/537.36"
::1 - - [29/Jul/2020:19:04:29 +0000] "GET /js/toggle_likes.js HTTP/1.1" 404 157 "http://localhost:8000/" "Mozilla/5.0 (Windows NT 10.0; Win64; x64) AppleWebKit/537.36 (KHTML, like Gecko) Chrome/84.0.4147.89 Safari/537.36"
::1 - - [29/Jul/2020:19:04:29 +0000] "GET /js/chat_engine.js HTTP/1.1" 404 156 "http://localhost:8000/" "Mozilla/5.0 (Windows NT 10.0; Win64; x64) AppleWebKit/537.36 (KHTML, like Gecko) Chrome/84.0.4147.89 Safari/537.36"
::1 - - [29/Jul/2020:19:04:29 +0000] "GET /favicon.ico HTTP/1.1" 404 150 "http://localhost:8000/" "Mozilla/5.0 (Windows NT 10.0; Win64; x64) AppleWebKit/537.36 (KHTML, like Gecko) Chrome/84.0.4147.89 Safari/537.36"
::1 - - [29/Jul/2020:19:04:30 +0000] "GET / HTTP/1.1" 304 - "-" "Mozilla/5.0 (Windows NT 10.0; Win64; x64) AppleWebKit/537.36 (KHTML, like Gecko) Chrome/84.0.4147.89 Safari/537.36"
::1 - - [29/Jul/2020:19:04:30 +0000] "GET /css/home.css HTTP/1.1" 404 151 "http://localhost:8000/" "Mozilla/5.0 (Windows NT 10.0; Win64; x64) AppleWebKit/537.36 (KHTML, like Gecko) Chrome/84.0.4147.89 Safari/537.36"
::1 - - [29/Jul/2020:19:04:30 +0000] "GET /css/header.css HTTP/1.1" 404 153 "http://localhost:8000/" "Mozilla/5.0 (Windows NT 10.0; Win64; x64) AppleWebKit/537.36 (KHTML, like Gecko) Chrome/84.0.4147.89 Safari/537.36"
::1 - - [29/Jul/2020:19:04:30 +0000] "GET /css/footer.css HTTP/1.1" 404 153 "http://localhost:8000/" "Mozilla/5.0 (Windows NT 10.0; Win64; x64) AppleWebKit/537.36 (KHTML, like Gecko) Chrome/84.0.4147.89 Safari/537.36"
::1 - - [29/Jul/2020:19:04:30 +0000] "GET /js/home_post_comments.js HTTP/1.1" 404 163 "http://localhost:8000/" "Mozilla/5.0 (Windows NT 10.0; Win64; x64) AppleWebKit/537.36 (KHTML, like Gecko) Chrome/84.0.4147.89 Safari/537.36"
::1 - - [29/Jul/2020:19:04:30 +0000] "GET /js/home_posts.js HTTP/1.1" 404 155 "http://localhost:8000/" "Mozilla/5.0 (Windows NT 10.0; Win64; x64) AppleWebKit/537.36 (KHTML, like Gecko) Chrome/84.0.4147.89 Safari/537.36"
::1 - - [29/Jul/2020:19:04:30 +0000] "GET /js/toggle_likes.js HTTP/1.1" 404 157 "http://localhost:8000/" "Mozilla/5.0 (Windows NT 10.0; Win64; x64) AppleWebKit/537.36 (KHTML, like Gecko) Chrome/84.0.4147.89 Safari/537.36"
::1 - - [29/Jul/2020:19:04:30 +0000] "GET /js/chat_engine.js HTTP/1.1" 404 156 "http://localhost:8000/" "Mozilla/5.0 (Windows NT 10.0; Win64; x64) AppleWebKit/537.36 (KHTML, like Gecko) Chrome/84.0.4147.89 Safari/537.36"
::1 - - [29/Jul/2020:19:04:30 +0000] "GET /css/footer.css HTTP/1.1" 404 153 "http://localhost:8000/" "Mozilla/5.0 (Windows NT 10.0; Win64; x64) AppleWebKit/537.36 (KHTML, like Gecko) Chrome/84.0.4147.89 Safari/537.36"
::1 - - [29/Jul/2020:19:04:30 +0000] "GET /js/home_post_comments.js HTTP/1.1" 404 163 "http://localhost:8000/" "Mozilla/5.0 (Windows NT 10.0; Win64; x64) AppleWebKit/537.36 (KHTML, like Gecko) Chrome/84.0.4147.89 Safari/537.36"
::1 - - [29/Jul/2020:19:04:30 +0000] "GET /js/home_posts.js HTTP/1.1" 404 155 "http://localhost:8000/" "Mozilla/5.0 (Windows NT 10.0; Win64; x64) AppleWebKit/537.36 (KHTML, like Gecko) Chrome/84.0.4147.89 Safari/537.36"
::1 - - [29/Jul/2020:19:04:30 +0000] "GET /js/toggle_likes.js HTTP/1.1" 404 157 "http://localhost:8000/" "Mozilla/5.0 (Windows NT 10.0; Win64; x64) AppleWebKit/537.36 (KHTML, like Gecko) Chrome/84.0.4147.89 Safari/537.36"
::1 - - [29/Jul/2020:19:04:30 +0000] "GET /js/chat_engine.js HTTP/1.1" 404 156 "http://localhost:8000/" "Mozilla/5.0 (Windows NT 10.0; Win64; x64) AppleWebKit/537.36 (KHTML, like Gecko) Chrome/84.0.4147.89 Safari/537.36"
::1 - - [29/Jul/2020:19:05:28 +0000] "GET / HTTP/1.1" 304 - "-" "Mozilla/5.0 (Windows NT 10.0; Win64; x64) AppleWebKit/537.36 (KHTML, like Gecko) Chrome/84.0.4147.89 Safari/537.36"
::ffff:127.0.0.1 - - [29/Jul/2020:19:05:28 +0000] "GET /css/home.css HTTP/1.1" 404 151 "http://localhost:8000/" "Mozilla/5.0 (Windows NT 10.0; Win64; x64) AppleWebKit/537.36 (KHTML, like Gecko) Chrome/84.0.4147.89 Safari/537.36"
::1 - - [29/Jul/2020:19:05:28 +0000] "GET /css/header.css HTTP/1.1" 404 153 "http://localhost:8000/" "Mozilla/5.0 (Windows NT 10.0; Win64; x64) AppleWebKit/537.36 (KHTML, like Gecko) Chrome/84.0.4147.89 Safari/537.36"
::1 - - [29/Jul/2020:19:05:28 +0000] "GET /css/footer.css HTTP/1.1" 404 153 "http://localhost:8000/" "Mozilla/5.0 (Windows NT 10.0; Win64; x64) AppleWebKit/537.36 (KHTML, like Gecko) Chrome/84.0.4147.89 Safari/537.36"
::1 - - [29/Jul/2020:19:05:28 +0000] "GET /js/home_post_comments.js HTTP/1.1" 404 163 "http://localhost:8000/" "Mozilla/5.0 (Windows NT 10.0; Win64; x64) AppleWebKit/537.36 (KHTML, like Gecko) Chrome/84.0.4147.89 Safari/537.36"
::1 - - [29/Jul/2020:19:05:28 +0000] "GET /js/home_posts.js HTTP/1.1" 404 155 "http://localhost:8000/" "Mozilla/5.0 (Windows NT 10.0; Win64; x64) AppleWebKit/537.36 (KHTML, like Gecko) Chrome/84.0.4147.89 Safari/537.36"
::1 - - [29/Jul/2020:19:05:28 +0000] "GET /js/toggle_likes.js HTTP/1.1" 404 157 "http://localhost:8000/" "Mozilla/5.0 (Windows NT 10.0; Win64; x64) AppleWebKit/537.36 (KHTML, like Gecko) Chrome/84.0.4147.89 Safari/537.36"
::ffff:127.0.0.1 - - [29/Jul/2020:19:05:28 +0000] "GET /js/chat_engine.js HTTP/1.1" 404 156 "http://localhost:8000/" "Mozilla/5.0 (Windows NT 10.0; Win64; x64) AppleWebKit/537.36 (KHTML, like Gecko) Chrome/84.0.4147.89 Safari/537.36"
::ffff:127.0.0.1 - - [29/Jul/2020:19:05:28 +0000] "GET /css/footer.css HTTP/1.1" 404 153 "http://localhost:8000/" "Mozilla/5.0 (Windows NT 10.0; Win64; x64) AppleWebKit/537.36 (KHTML, like Gecko) Chrome/84.0.4147.89 Safari/537.36"
::ffff:127.0.0.1 - - [29/Jul/2020:19:05:28 +0000] "GET /js/home_post_comments.js HTTP/1.1" 404 163 "http://localhost:8000/" "Mozilla/5.0 (Windows NT 10.0; Win64; x64) AppleWebKit/537.36 (KHTML, like Gecko) Chrome/84.0.4147.89 Safari/537.36"
::ffff:127.0.0.1 - - [29/Jul/2020:19:05:28 +0000] "GET /js/home_posts.js HTTP/1.1" 404 155 "http://localhost:8000/" "Mozilla/5.0 (Windows NT 10.0; Win64; x64) AppleWebKit/537.36 (KHTML, like Gecko) Chrome/84.0.4147.89 Safari/537.36"
::ffff:127.0.0.1 - - [29/Jul/2020:19:05:28 +0000] "GET /js/toggle_likes.js HTTP/1.1" 404 157 "http://localhost:8000/" "Mozilla/5.0 (Windows NT 10.0; Win64; x64) AppleWebKit/537.36 (KHTML, like Gecko) Chrome/84.0.4147.89 Safari/537.36"
::ffff:127.0.0.1 - - [29/Jul/2020:19:05:28 +0000] "GET /js/chat_engine.js HTTP/1.1" 404 156 "http://localhost:8000/" "Mozilla/5.0 (Windows NT 10.0; Win64; x64) AppleWebKit/537.36 (KHTML, like Gecko) Chrome/84.0.4147.89 Safari/537.36"
::ffff:127.0.0.1 - - [29/Jul/2020:19:05:31 +0000] "GET / HTTP/1.1" 304 - "-" "Mozilla/5.0 (Windows NT 10.0; Win64; x64) AppleWebKit/537.36 (KHTML, like Gecko) Chrome/84.0.4147.89 Safari/537.36"
::1 - - [29/Jul/2020:19:05:31 +0000] "GET /css/home.css HTTP/1.1" 404 151 "http://localhost:8000/" "Mozilla/5.0 (Windows NT 10.0; Win64; x64) AppleWebKit/537.36 (KHTML, like Gecko) Chrome/84.0.4147.89 Safari/537.36"
::1 - - [29/Jul/2020:19:05:31 +0000] "GET /css/header.css HTTP/1.1" 404 153 "http://localhost:8000/" "Mozilla/5.0 (Windows NT 10.0; Win64; x64) AppleWebKit/537.36 (KHTML, like Gecko) Chrome/84.0.4147.89 Safari/537.36"
::ffff:127.0.0.1 - - [29/Jul/2020:19:05:31 +0000] "GET /css/footer.css HTTP/1.1" 404 153 "http://localhost:8000/" "Mozilla/5.0 (Windows NT 10.0; Win64; x64) AppleWebKit/537.36 (KHTML, like Gecko) Chrome/84.0.4147.89 Safari/537.36"
::1 - - [29/Jul/2020:19:05:31 +0000] "GET /js/home_post_comments.js HTTP/1.1" 404 163 "http://localhost:8000/" "Mozilla/5.0 (Windows NT 10.0; Win64; x64) AppleWebKit/537.36 (KHTML, like Gecko) Chrome/84.0.4147.89 Safari/537.36"
::1 - - [29/Jul/2020:19:05:31 +0000] "GET /js/home_posts.js HTTP/1.1" 404 155 "http://localhost:8000/" "Mozilla/5.0 (Windows NT 10.0; Win64; x64) AppleWebKit/537.36 (KHTML, like Gecko) Chrome/84.0.4147.89 Safari/537.36"
::1 - - [29/Jul/2020:19:05:31 +0000] "GET /js/toggle_likes.js HTTP/1.1" 404 157 "http://localhost:8000/" "Mozilla/5.0 (Windows NT 10.0; Win64; x64) AppleWebKit/537.36 (KHTML, like Gecko) Chrome/84.0.4147.89 Safari/537.36"
::1 - - [29/Jul/2020:19:05:31 +0000] "GET /js/chat_engine.js HTTP/1.1" 404 156 "http://localhost:8000/" "Mozilla/5.0 (Windows NT 10.0; Win64; x64) AppleWebKit/537.36 (KHTML, like Gecko) Chrome/84.0.4147.89 Safari/537.36"
::1 - - [29/Jul/2020:19:05:31 +0000] "GET /css/footer.css HTTP/1.1" 404 153 "http://localhost:8000/" "Mozilla/5.0 (Windows NT 10.0; Win64; x64) AppleWebKit/537.36 (KHTML, like Gecko) Chrome/84.0.4147.89 Safari/537.36"
::1 - - [29/Jul/2020:19:05:31 +0000] "GET /js/home_post_comments.js HTTP/1.1" 404 163 "http://localhost:8000/" "Mozilla/5.0 (Windows NT 10.0; Win64; x64) AppleWebKit/537.36 (KHTML, like Gecko) Chrome/84.0.4147.89 Safari/537.36"
::1 - - [29/Jul/2020:19:05:31 +0000] "GET /js/home_posts.js HTTP/1.1" 404 155 "http://localhost:8000/" "Mozilla/5.0 (Windows NT 10.0; Win64; x64) AppleWebKit/537.36 (KHTML, like Gecko) Chrome/84.0.4147.89 Safari/537.36"
::1 - - [29/Jul/2020:19:05:31 +0000] "GET /js/toggle_likes.js HTTP/1.1" 404 157 "http://localhost:8000/" "Mozilla/5.0 (Windows NT 10.0; Win64; x64) AppleWebKit/537.36 (KHTML, like Gecko) Chrome/84.0.4147.89 Safari/537.36"
::1 - - [29/Jul/2020:19:05:31 +0000] "GET /js/chat_engine.js HTTP/1.1" 404 156 "http://localhost:8000/" "Mozilla/5.0 (Windows NT 10.0; Win64; x64) AppleWebKit/537.36 (KHTML, like Gecko) Chrome/84.0.4147.89 Safari/537.36"
[0mGET / [32m200[0m 50.877 ms - 6509[0m
::1 - - [29/Jul/2020:19:06:12 +0000] "GET / HTTP/1.1" 200 2348 "-" "Mozilla/5.0 (Windows NT 10.0; Win64; x64) AppleWebKit/537.36 (KHTML, like Gecko) Chrome/84.0.4147.89 Safari/537.36"
::ffff:127.0.0.1 - - [29/Jul/2020:19:06:12 +0000] "GET /css/home.css HTTP/1.1" 404 151 "http://localhost:8000/" "Mozilla/5.0 (Windows NT 10.0; Win64; x64) AppleWebKit/537.36 (KHTML, like Gecko) Chrome/84.0.4147.89 Safari/537.36"
::1 - - [29/Jul/2020:19:06:12 +0000] "GET /css/header.css HTTP/1.1" 404 153 "http://localhost:8000/" "Mozilla/5.0 (Windows NT 10.0; Win64; x64) AppleWebKit/537.36 (KHTML, like Gecko) Chrome/84.0.4147.89 Safari/537.36"
::1 - - [29/Jul/2020:19:06:12 +0000] "GET /js/home_posts.js HTTP/1.1" 404 155 "http://localhost:8000/" "Mozilla/5.0 (Windows NT 10.0; Win64; x64) AppleWebKit/537.36 (KHTML, like Gecko) Chrome/84.0.4147.89 Safari/537.36"
::1 - - [29/Jul/2020:19:06:12 +0000] "GET /js/toggle_likes.js HTTP/1.1" 404 157 "http://localhost:8000/" "Mozilla/5.0 (Windows NT 10.0; Win64; x64) AppleWebKit/537.36 (KHTML, like Gecko) Chrome/84.0.4147.89 Safari/537.36"
::1 - - [29/Jul/2020:19:06:12 +0000] "GET /css/footer.css HTTP/1.1" 404 153 "http://localhost:8000/" "Mozilla/5.0 (Windows NT 10.0; Win64; x64) AppleWebKit/537.36 (KHTML, like Gecko) Chrome/84.0.4147.89 Safari/537.36"
::1 - - [29/Jul/2020:19:06:12 +0000] "GET /js/home_post_comments.js HTTP/1.1" 404 163 "http://localhost:8000/" "Mozilla/5.0 (Windows NT 10.0; Win64; x64) AppleWebKit/537.36 (KHTML, like Gecko) Chrome/84.0.4147.89 Safari/537.36"
::ffff:127.0.0.1 - - [29/Jul/2020:19:06:12 +0000] "GET /js/chat_engine.js HTTP/1.1" 404 156 "http://localhost:8000/" "Mozilla/5.0 (Windows NT 10.0; Win64; x64) AppleWebKit/537.36 (KHTML, like Gecko) Chrome/84.0.4147.89 Safari/537.36"
::ffff:127.0.0.1 - - [29/Jul/2020:19:06:12 +0000] "GET /css/footer.css HTTP/1.1" 404 153 "http://localhost:8000/" "Mozilla/5.0 (Windows NT 10.0; Win64; x64) AppleWebKit/537.36 (KHTML, like Gecko) Chrome/84.0.4147.89 Safari/537.36"
::ffff:127.0.0.1 - - [29/Jul/2020:19:06:12 +0000] "GET /js/home_post_comments.js HTTP/1.1" 404 163 "http://localhost:8000/" "Mozilla/5.0 (Windows NT 10.0; Win64; x64) AppleWebKit/537.36 (KHTML, like Gecko) Chrome/84.0.4147.89 Safari/537.36"
::ffff:127.0.0.1 - - [29/Jul/2020:19:06:13 +0000] "GET /js/home_posts.js HTTP/1.1" 404 155 "http://localhost:8000/" "Mozilla/5.0 (Windows NT 10.0; Win64; x64) AppleWebKit/537.36 (KHTML, like Gecko) Chrome/84.0.4147.89 Safari/537.36"
::ffff:127.0.0.1 - - [29/Jul/2020:19:06:13 +0000] "GET /js/toggle_likes.js HTTP/1.1" 404 157 "http://localhost:8000/" "Mozilla/5.0 (Windows NT 10.0; Win64; x64) AppleWebKit/537.36 (KHTML, like Gecko) Chrome/84.0.4147.89 Safari/537.36"
::ffff:127.0.0.1 - - [29/Jul/2020:19:06:13 +0000] "GET /js/chat_engine.js HTTP/1.1" 404 156 "http://localhost:8000/" "Mozilla/5.0 (Windows NT 10.0; Win64; x64) AppleWebKit/537.36 (KHTML, like Gecko) Chrome/84.0.4147.89 Safari/537.36"
::1 - - [29/Jul/2020:19:06:47 +0000] "GET / HTTP/1.1" 304 - "-" "Mozilla/5.0 (Windows NT 10.0; Win64; x64) AppleWebKit/537.36 (KHTML, like Gecko) Chrome/84.0.4147.89 Safari/537.36"
::1 - - [29/Jul/2020:19:06:47 +0000] "GET /css/home.css HTTP/1.1" 404 151 "http://localhost:8000/" "Mozilla/5.0 (Windows NT 10.0; Win64; x64) AppleWebKit/537.36 (KHTML, like Gecko) Chrome/84.0.4147.89 Safari/537.36"
::1 - - [29/Jul/2020:19:06:47 +0000] "GET /css/header.css HTTP/1.1" 404 153 "http://localhost:8000/" "Mozilla/5.0 (Windows NT 10.0; Win64; x64) AppleWebKit/537.36 (KHTML, like Gecko) Chrome/84.0.4147.89 Safari/537.36"
::1 - - [29/Jul/2020:19:06:47 +0000] "GET /css/footer.css HTTP/1.1" 404 153 "http://localhost:8000/" "Mozilla/5.0 (Windows NT 10.0; Win64; x64) AppleWebKit/537.36 (KHTML, like Gecko) Chrome/84.0.4147.89 Safari/537.36"
::1 - - [29/Jul/2020:19:06:47 +0000] "GET /js/home_post_comments.js HTTP/1.1" 404 163 "http://localhost:8000/" "Mozilla/5.0 (Windows NT 10.0; Win64; x64) AppleWebKit/537.36 (KHTML, like Gecko) Chrome/84.0.4147.89 Safari/537.36"
::1 - - [29/Jul/2020:19:06:47 +0000] "GET /js/home_posts.js HTTP/1.1" 404 155 "http://localhost:8000/" "Mozilla/5.0 (Windows NT 10.0; Win64; x64) AppleWebKit/537.36 (KHTML, like Gecko) Chrome/84.0.4147.89 Safari/537.36"
::1 - - [29/Jul/2020:19:06:47 +0000] "GET /js/toggle_likes.js HTTP/1.1" 404 157 "http://localhost:8000/" "Mozilla/5.0 (Windows NT 10.0; Win64; x64) AppleWebKit/537.36 (KHTML, like Gecko) Chrome/84.0.4147.89 Safari/537.36"
::1 - - [29/Jul/2020:19:06:47 +0000] "GET /js/chat_engine.js HTTP/1.1" 404 156 "http://localhost:8000/" "Mozilla/5.0 (Windows NT 10.0; Win64; x64) AppleWebKit/537.36 (KHTML, like Gecko) Chrome/84.0.4147.89 Safari/537.36"
::1 - - [29/Jul/2020:19:06:47 +0000] "GET /css/footer.css HTTP/1.1" 404 153 "http://localhost:8000/" "Mozilla/5.0 (Windows NT 10.0; Win64; x64) AppleWebKit/537.36 (KHTML, like Gecko) Chrome/84.0.4147.89 Safari/537.36"
::1 - - [29/Jul/2020:19:06:47 +0000] "GET /js/home_post_comments.js HTTP/1.1" 404 163 "http://localhost:8000/" "Mozilla/5.0 (Windows NT 10.0; Win64; x64) AppleWebKit/537.36 (KHTML, like Gecko) Chrome/84.0.4147.89 Safari/537.36"
::1 - - [29/Jul/2020:19:06:47 +0000] "GET /js/home_posts.js HTTP/1.1" 404 155 "http://localhost:8000/" "Mozilla/5.0 (Windows NT 10.0; Win64; x64) AppleWebKit/537.36 (KHTML, like Gecko) Chrome/84.0.4147.89 Safari/537.36"
::1 - - [29/Jul/2020:19:06:47 +0000] "GET /js/toggle_likes.js HTTP/1.1" 404 157 "http://localhost:8000/" "Mozilla/5.0 (Windows NT 10.0; Win64; x64) AppleWebKit/537.36 (KHTML, like Gecko) Chrome/84.0.4147.89 Safari/537.36"
::1 - - [29/Jul/2020:19:06:47 +0000] "GET /js/chat_engine.js HTTP/1.1" 404 156 "http://localhost:8000/" "Mozilla/5.0 (Windows NT 10.0; Win64; x64) AppleWebKit/537.36 (KHTML, like Gecko) Chrome/84.0.4147.89 Safari/537.36"
::1 - - [29/Jul/2020:19:06:48 +0000] "GET / HTTP/1.1" 304 - "-" "Mozilla/5.0 (Windows NT 10.0; Win64; x64) AppleWebKit/537.36 (KHTML, like Gecko) Chrome/84.0.4147.89 Safari/537.36"
::1 - - [29/Jul/2020:19:06:48 +0000] "GET /css/home.css HTTP/1.1" 404 151 "http://localhost:8000/" "Mozilla/5.0 (Windows NT 10.0; Win64; x64) AppleWebKit/537.36 (KHTML, like Gecko) Chrome/84.0.4147.89 Safari/537.36"
::1 - - [29/Jul/2020:19:06:48 +0000] "GET /css/header.css HTTP/1.1" 404 153 "http://localhost:8000/" "Mozilla/5.0 (Windows NT 10.0; Win64; x64) AppleWebKit/537.36 (KHTML, like Gecko) Chrome/84.0.4147.89 Safari/537.36"
::1 - - [29/Jul/2020:19:06:48 +0000] "GET /css/footer.css HTTP/1.1" 404 153 "http://localhost:8000/" "Mozilla/5.0 (Windows NT 10.0; Win64; x64) AppleWebKit/537.36 (KHTML, like Gecko) Chrome/84.0.4147.89 Safari/537.36"
::1 - - [29/Jul/2020:19:06:48 +0000] "GET /js/home_post_comments.js HTTP/1.1" 404 163 "http://localhost:8000/" "Mozilla/5.0 (Windows NT 10.0; Win64; x64) AppleWebKit/537.36 (KHTML, like Gecko) Chrome/84.0.4147.89 Safari/537.36"
::1 - - [29/Jul/2020:19:06:48 +0000] "GET /js/home_posts.js HTTP/1.1" 404 155 "http://localhost:8000/" "Mozilla/5.0 (Windows NT 10.0; Win64; x64) AppleWebKit/537.36 (KHTML, like Gecko) Chrome/84.0.4147.89 Safari/537.36"
::1 - - [29/Jul/2020:19:06:48 +0000] "GET /js/toggle_likes.js HTTP/1.1" 404 157 "http://localhost:8000/" "Mozilla/5.0 (Windows NT 10.0; Win64; x64) AppleWebKit/537.36 (KHTML, like Gecko) Chrome/84.0.4147.89 Safari/537.36"
::1 - - [29/Jul/2020:19:06:48 +0000] "GET /js/chat_engine.js HTTP/1.1" 404 156 "http://localhost:8000/" "Mozilla/5.0 (Windows NT 10.0; Win64; x64) AppleWebKit/537.36 (KHTML, like Gecko) Chrome/84.0.4147.89 Safari/537.36"
::1 - - [29/Jul/2020:19:06:48 +0000] "GET /css/footer.css HTTP/1.1" 404 153 "http://localhost:8000/" "Mozilla/5.0 (Windows NT 10.0; Win64; x64) AppleWebKit/537.36 (KHTML, like Gecko) Chrome/84.0.4147.89 Safari/537.36"
::1 - - [29/Jul/2020:19:06:48 +0000] "GET /js/home_post_comments.js HTTP/1.1" 404 163 "http://localhost:8000/" "Mozilla/5.0 (Windows NT 10.0; Win64; x64) AppleWebKit/537.36 (KHTML, like Gecko) Chrome/84.0.4147.89 Safari/537.36"
::1 - - [29/Jul/2020:19:06:48 +0000] "GET /js/home_posts.js HTTP/1.1" 404 155 "http://localhost:8000/" "Mozilla/5.0 (Windows NT 10.0; Win64; x64) AppleWebKit/537.36 (KHTML, like Gecko) Chrome/84.0.4147.89 Safari/537.36"
::1 - - [29/Jul/2020:19:06:48 +0000] "GET /js/toggle_likes.js HTTP/1.1" 404 157 "http://localhost:8000/" "Mozilla/5.0 (Windows NT 10.0; Win64; x64) AppleWebKit/537.36 (KHTML, like Gecko) Chrome/84.0.4147.89 Safari/537.36"
::1 - - [29/Jul/2020:19:06:48 +0000] "GET /js/chat_engine.js HTTP/1.1" 404 156 "http://localhost:8000/" "Mozilla/5.0 (Windows NT 10.0; Win64; x64) AppleWebKit/537.36 (KHTML, like Gecko) Chrome/84.0.4147.89 Safari/537.36"
::1 - - [29/Jul/2020:19:06:54 +0000] "GET /users/sign-in HTTP/1.1" 200 1938 "http://localhost:8000/" "Mozilla/5.0 (Windows NT 10.0; Win64; x64) AppleWebKit/537.36 (KHTML, like Gecko) Chrome/84.0.4147.89 Safari/537.36"
::1 - - [29/Jul/2020:19:06:54 +0000] "GET /css/footer.css HTTP/1.1" 404 153 "http://localhost:8000/users/sign-in" "Mozilla/5.0 (Windows NT 10.0; Win64; x64) AppleWebKit/537.36 (KHTML, like Gecko) Chrome/84.0.4147.89 Safari/537.36"
::1 - - [29/Jul/2020:19:06:54 +0000] "GET /css/header.css HTTP/1.1" 404 153 "http://localhost:8000/users/sign-in" "Mozilla/5.0 (Windows NT 10.0; Win64; x64) AppleWebKit/537.36 (KHTML, like Gecko) Chrome/84.0.4147.89 Safari/537.36"
::1 - - [29/Jul/2020:19:06:54 +0000] "GET /js/chat_engine.js HTTP/1.1" 404 156 "http://localhost:8000/users/sign-in" "Mozilla/5.0 (Windows NT 10.0; Win64; x64) AppleWebKit/537.36 (KHTML, like Gecko) Chrome/84.0.4147.89 Safari/537.36"
::1 - - [29/Jul/2020:19:06:54 +0000] "GET /css/footer.css HTTP/1.1" 404 153 "http://localhost:8000/users/sign-in" "Mozilla/5.0 (Windows NT 10.0; Win64; x64) AppleWebKit/537.36 (KHTML, like Gecko) Chrome/84.0.4147.89 Safari/537.36"
::1 - - [29/Jul/2020:19:06:54 +0000] "GET /js/chat_engine.js HTTP/1.1" 404 156 "http://localhost:8000/users/sign-in" "Mozilla/5.0 (Windows NT 10.0; Win64; x64) AppleWebKit/537.36 (KHTML, like Gecko) Chrome/84.0.4147.89 Safari/537.36"
::1 - - [29/Jul/2020:19:06:55 +0000] "POST /users/create-session HTTP/1.1" 302 46 "http://localhost:8000/users/sign-in" "Mozilla/5.0 (Windows NT 10.0; Win64; x64) AppleWebKit/537.36 (KHTML, like Gecko) Chrome/84.0.4147.89 Safari/537.36"
::1 - - [29/Jul/2020:19:06:55 +0000] "GET / HTTP/1.1" 200 3465 "http://localhost:8000/users/sign-in" "Mozilla/5.0 (Windows NT 10.0; Win64; x64) AppleWebKit/537.36 (KHTML, like Gecko) Chrome/84.0.4147.89 Safari/537.36"
::1 - - [29/Jul/2020:19:06:55 +0000] "GET /css/home.css HTTP/1.1" 404 151 "http://localhost:8000/" "Mozilla/5.0 (Windows NT 10.0; Win64; x64) AppleWebKit/537.36 (KHTML, like Gecko) Chrome/84.0.4147.89 Safari/537.36"
::1 - - [29/Jul/2020:19:06:55 +0000] "GET /css/header.css HTTP/1.1" 404 153 "http://localhost:8000/" "Mozilla/5.0 (Windows NT 10.0; Win64; x64) AppleWebKit/537.36 (KHTML, like Gecko) Chrome/84.0.4147.89 Safari/537.36"
::1 - - [29/Jul/2020:19:06:55 +0000] "GET /css/footer.css HTTP/1.1" 404 153 "http://localhost:8000/" "Mozilla/5.0 (Windows NT 10.0; Win64; x64) AppleWebKit/537.36 (KHTML, like Gecko) Chrome/84.0.4147.89 Safari/537.36"
::1 - - [29/Jul/2020:19:06:55 +0000] "GET /js/home_post_comments.js HTTP/1.1" 404 163 "http://localhost:8000/" "Mozilla/5.0 (Windows NT 10.0; Win64; x64) AppleWebKit/537.36 (KHTML, like Gecko) Chrome/84.0.4147.89 Safari/537.36"
::1 - - [29/Jul/2020:19:06:55 +0000] "GET /js/home_posts.js HTTP/1.1" 404 155 "http://localhost:8000/" "Mozilla/5.0 (Windows NT 10.0; Win64; x64) AppleWebKit/537.36 (KHTML, like Gecko) Chrome/84.0.4147.89 Safari/537.36"
::1 - - [29/Jul/2020:19:06:55 +0000] "GET /js/toggle_likes.js HTTP/1.1" 404 157 "http://localhost:8000/" "Mozilla/5.0 (Windows NT 10.0; Win64; x64) AppleWebKit/537.36 (KHTML, like Gecko) Chrome/84.0.4147.89 Safari/537.36"
::1 - - [29/Jul/2020:19:06:55 +0000] "GET /js/chat_engine.js HTTP/1.1" 404 156 "http://localhost:8000/" "Mozilla/5.0 (Windows NT 10.0; Win64; x64) AppleWebKit/537.36 (KHTML, like Gecko) Chrome/84.0.4147.89 Safari/537.36"
::1 - - [29/Jul/2020:19:06:55 +0000] "GET /css/home.css HTTP/1.1" 404 151 "http://localhost:8000/" "Mozilla/5.0 (Windows NT 10.0; Win64; x64) AppleWebKit/537.36 (KHTML, like Gecko) Chrome/84.0.4147.89 Safari/537.36"
::1 - - [29/Jul/2020:19:06:55 +0000] "GET /css/header.css HTTP/1.1" 404 153 "http://localhost:8000/" "Mozilla/5.0 (Windows NT 10.0; Win64; x64) AppleWebKit/537.36 (KHTML, like Gecko) Chrome/84.0.4147.89 Safari/537.36"
::1 - - [29/Jul/2020:19:06:55 +0000] "GET /css/footer.css HTTP/1.1" 404 153 "http://localhost:8000/" "Mozilla/5.0 (Windows NT 10.0; Win64; x64) AppleWebKit/537.36 (KHTML, like Gecko) Chrome/84.0.4147.89 Safari/537.36"
::1 - - [29/Jul/2020:19:06:55 +0000] "GET /js/home_post_comments.js HTTP/1.1" 404 163 "http://localhost:8000/" "Mozilla/5.0 (Windows NT 10.0; Win64; x64) AppleWebKit/537.36 (KHTML, like Gecko) Chrome/84.0.4147.89 Safari/537.36"
::1 - - [29/Jul/2020:19:06:55 +0000] "GET /js/home_posts.js HTTP/1.1" 404 155 "http://localhost:8000/" "Mozilla/5.0 (Windows NT 10.0; Win64; x64) AppleWebKit/537.36 (KHTML, like Gecko) Chrome/84.0.4147.89 Safari/537.36"
::1 - - [29/Jul/2020:19:06:55 +0000] "GET /js/toggle_likes.js HTTP/1.1" 404 157 "http://localhost:8000/" "Mozilla/5.0 (Windows NT 10.0; Win64; x64) AppleWebKit/537.36 (KHTML, like Gecko) Chrome/84.0.4147.89 Safari/537.36"
::1 - - [29/Jul/2020:19:06:55 +0000] "GET /js/chat_engine.js HTTP/1.1" 404 156 "http://localhost:8000/" "Mozilla/5.0 (Windows NT 10.0; Win64; x64) AppleWebKit/537.36 (KHTML, like Gecko) Chrome/84.0.4147.89 Safari/537.36"
::1 - - [29/Jul/2020:19:10:55 +0000] "GET / HTTP/1.1" 200 3297 "http://localhost:8000/users/sign-in" "Mozilla/5.0 (Windows NT 10.0; Win64; x64) AppleWebKit/537.36 (KHTML, like Gecko) Chrome/84.0.4147.89 Safari/537.36"
::1 - - [29/Jul/2020:19:11:02 +0000] "GET /users/profile/5f2174e819723e1d7c92a41d HTTP/1.1" 200 2737 "http://localhost:8000/" "Mozilla/5.0 (Windows NT 10.0; Win64; x64) AppleWebKit/537.36 (KHTML, like Gecko) Chrome/84.0.4147.89 Safari/537.36"
::1 - - [29/Jul/2020:19:11:03 +0000] "GET / HTTP/1.1" 304 - "http://localhost:8000/users/profile/5f2174e819723e1d7c92a41d" "Mozilla/5.0 (Windows NT 10.0; Win64; x64) AppleWebKit/537.36 (KHTML, like Gecko) Chrome/84.0.4147.89 Safari/537.36"
::1 - - [29/Jul/2020:19:11:16 +0000] "POST /posts/create HTTP/1.1" 200 265 "http://localhost:8000/" "Mozilla/5.0 (Windows NT 10.0; Win64; x64) AppleWebKit/537.36 (KHTML, like Gecko) Chrome/84.0.4147.89 Safari/537.36"
::1 - - [29/Jul/2020:19:11:20 +0000] "POST /comments/create HTTP/1.1" 200 323 "http://localhost:8000/" "Mozilla/5.0 (Windows NT 10.0; Win64; x64) AppleWebKit/537.36 (KHTML, like Gecko) Chrome/84.0.4147.89 Safari/537.36"
::1 - - [29/Jul/2020:19:11:23 +0000] "POST /comments/create HTTP/1.1" 200 323 "http://localhost:8000/" "Mozilla/5.0 (Windows NT 10.0; Win64; x64) AppleWebKit/537.36 (KHTML, like Gecko) Chrome/84.0.4147.89 Safari/537.36"
::1 - - [29/Jul/2020:19:11:25 +0000] "POST /comments/create HTTP/1.1" 200 323 "http://localhost:8000/" "Mozilla/5.0 (Windows NT 10.0; Win64; x64) AppleWebKit/537.36 (KHTML, like Gecko) Chrome/84.0.4147.89 Safari/537.36"
::1 - - [29/Jul/2020:19:11:26 +0000] "GET / HTTP/1.1" 200 5875 "http://localhost:8000/users/profile/5f2174e819723e1d7c92a41d" "Mozilla/5.0 (Windows NT 10.0; Win64; x64) AppleWebKit/537.36 (KHTML, like Gecko) Chrome/84.0.4147.89 Safari/537.36"
::1 - - [29/Jul/2020:19:11:28 +0000] "GET /comments/destroy/5f21c9d86c14ba3260d57e67 HTTP/1.1" 302 88 "http://localhost:8000/" "Mozilla/5.0 (Windows NT 10.0; Win64; x64) AppleWebKit/537.36 (KHTML, like Gecko) Chrome/84.0.4147.89 Safari/537.36"
::1 - - [29/Jul/2020:19:11:28 +0000] "GET / HTTP/1.1" 200 5603 "http://localhost:8000/" "Mozilla/5.0 (Windows NT 10.0; Win64; x64) AppleWebKit/537.36 (KHTML, like Gecko) Chrome/84.0.4147.89 Safari/537.36"
::1 - - [29/Jul/2020:19:11:29 +0000] "GET /comments/destroy/5f21c9db6c14ba3260d57e69 HTTP/1.1" 302 88 "http://localhost:8000/" "Mozilla/5.0 (Windows NT 10.0; Win64; x64) AppleWebKit/537.36 (KHTML, like Gecko) Chrome/84.0.4147.89 Safari/537.36"
::1 - - [29/Jul/2020:19:11:29 +0000] "GET / HTTP/1.1" 200 5093 "http://localhost:8000/" "Mozilla/5.0 (Windows NT 10.0; Win64; x64) AppleWebKit/537.36 (KHTML, like Gecko) Chrome/84.0.4147.89 Safari/537.36"
::1 - - [29/Jul/2020:19:11:30 +0000] "POST /likes/toggle/?id=5f21c9d46c14ba3260d57e66&type=Post HTTP/1.1" 200 58 "http://localhost:8000/" "Mozilla/5.0 (Windows NT 10.0; Win64; x64) AppleWebKit/537.36 (KHTML, like Gecko) Chrome/84.0.4147.89 Safari/537.36"
::1 - - [29/Jul/2020:19:11:31 +0000] "POST /likes/toggle/?id=5f21c9dd6c14ba3260d57e6a&type=Comment HTTP/1.1" 200 58 "http://localhost:8000/" "Mozilla/5.0 (Windows NT 10.0; Win64; x64) AppleWebKit/537.36 (KHTML, like Gecko) Chrome/84.0.4147.89 Safari/537.36"
::1 - - [29/Jul/2020:19:11:32 +0000] "POST /likes/toggle/?id=5f21c9dd6c14ba3260d57e6a&type=Comment HTTP/1.1" 200 57 "http://localhost:8000/" "Mozilla/5.0 (Windows NT 10.0; Win64; x64) AppleWebKit/537.36 (KHTML, like Gecko) Chrome/84.0.4147.89 Safari/537.36"
::1 - - [29/Jul/2020:19:11:44 +0000] "GET / HTTP/1.1" 200 4855 "http://localhost:8000/" "Mozilla/5.0 (Windows NT 10.0; Win64; x64) AppleWebKit/537.36 (KHTML, like Gecko) Chrome/84.0.4147.89 Safari/537.36"
::1 - - [29/Jul/2020:19:11:46 +0000] "GET / HTTP/1.1" 304 - "http://localhost:8000/" "Mozilla/5.0 (Windows NT 10.0; Win64; x64) AppleWebKit/537.36 (KHTML, like Gecko) Chrome/84.0.4147.89 Safari/537.36"
::1 - - [29/Jul/2020:19:11:56 +0000] "GET / HTTP/1.1" 304 - "http://localhost:8000/" "Mozilla/5.0 (Windows NT 10.0; Win64; x64) AppleWebKit/537.36 (KHTML, like Gecko) Chrome/84.0.4147.89 Safari/537.36"
::1 - - [29/Jul/2020:19:12:04 +0000] "GET / HTTP/1.1" 200 4831 "http://localhost:8000/" "Mozilla/5.0 (Windows NT 10.0; Win64; x64) AppleWebKit/537.36 (KHTML, like Gecko) Chrome/84.0.4147.89 Safari/537.36"
::1 - - [29/Jul/2020:19:12:10 +0000] "GET / HTTP/1.1" 304 - "http://localhost:8000/" "Mozilla/5.0 (Windows NT 10.0; Win64; x64) AppleWebKit/537.36 (KHTML, like Gecko) Chrome/84.0.4147.89 Safari/537.36"
::1 - - [29/Jul/2020:19:12:17 +0000] "GET / HTTP/1.1" 200 4855 "http://localhost:8000/" "Mozilla/5.0 (Windows NT 10.0; Win64; x64) AppleWebKit/537.36 (KHTML, like Gecko) Chrome/84.0.4147.89 Safari/537.36"
::1 - - [29/Jul/2020:19:12:19 +0000] "GET /posts/destroy/5f21c9d46c14ba3260d57e66 HTTP/1.1" 200 72 "http://localhost:8000/" "Mozilla/5.0 (Windows NT 10.0; Win64; x64) AppleWebKit/537.36 (KHTML, like Gecko) Chrome/84.0.4147.89 Safari/537.36"
::1 - - [29/Jul/2020:19:12:28 +0000] "GET /users/profile/5f2174e819723e1d7c92a41d HTTP/1.1" 304 - "http://localhost:8000/" "Mozilla/5.0 (Windows NT 10.0; Win64; x64) AppleWebKit/537.36 (KHTML, like Gecko) Chrome/84.0.4147.89 Safari/537.36"
::1 - - [29/Jul/2020:19:12:29 +0000] "GET / HTTP/1.1" 200 3297 "http://localhost:8000/users/profile/5f2174e819723e1d7c92a41d" "Mozilla/5.0 (Windows NT 10.0; Win64; x64) AppleWebKit/537.36 (KHTML, like Gecko) Chrome/84.0.4147.89 Safari/537.36"
::1 - - [29/Jul/2020:19:12:34 +0000] "POST /posts/create HTTP/1.1" 200 265 "http://localhost:8000/" "Mozilla/5.0 (Windows NT 10.0; Win64; x64) AppleWebKit/537.36 (KHTML, like Gecko) Chrome/84.0.4147.89 Safari/537.36"
::1 - - [29/Jul/2020:19:13:06 +0000] "POST /comments/create HTTP/1.1" 200 325 "http://localhost:8000/" "Mozilla/5.0 (Windows NT 10.0; Win64; x64) AppleWebKit/537.36 (KHTML, like Gecko) Chrome/84.0.4147.89 Safari/537.36"
::1 - - [29/Jul/2020:19:13:09 +0000] "POST /comments/create HTTP/1.1" 200 325 "http://localhost:8000/" "Mozilla/5.0 (Windows NT 10.0; Win64; x64) AppleWebKit/537.36 (KHTML, like Gecko) Chrome/84.0.4147.89 Safari/537.36"
::1 - - [29/Jul/2020:19:13:10 +0000] "GET / HTTP/1.1" 200 5369 "http://localhost:8000/users/profile/5f2174e819723e1d7c92a41d" "Mozilla/5.0 (Windows NT 10.0; Win64; x64) AppleWebKit/537.36 (KHTML, like Gecko) Chrome/84.0.4147.89 Safari/537.36"
::1 - - [29/Jul/2020:19:13:14 +0000] "GET /comments/destroy/5f21ca4293d27c35e42ca65a HTTP/1.1" 302 88 "http://localhost:8000/" "Mozilla/5.0 (Windows NT 10.0; Win64; x64) AppleWebKit/537.36 (KHTML, like Gecko) Chrome/84.0.4147.89 Safari/537.36"
::1 - - [29/Jul/2020:19:13:14 +0000] "GET / HTTP/1.1" 200 5095 "http://localhost:8000/" "Mozilla/5.0 (Windows NT 10.0; Win64; x64) AppleWebKit/537.36 (KHTML, like Gecko) Chrome/84.0.4147.89 Safari/537.36"
::1 - - [29/Jul/2020:19:13:15 +0000] "GET /comments/destroy/5f21ca4593d27c35e42ca65c HTTP/1.1" 302 88 "http://localhost:8000/" "Mozilla/5.0 (Windows NT 10.0; Win64; x64) AppleWebKit/537.36 (KHTML, like Gecko) Chrome/84.0.4147.89 Safari/537.36"
::1 - - [29/Jul/2020:19:13:15 +0000] "GET / HTTP/1.1" 200 4646 "http://localhost:8000/" "Mozilla/5.0 (Windows NT 10.0; Win64; x64) AppleWebKit/537.36 (KHTML, like Gecko) Chrome/84.0.4147.89 Safari/537.36"
::1 - - [29/Jul/2020:19:13:16 +0000] "GET /posts/destroy/5f21ca2293d27c35e42ca659 HTTP/1.1" 200 72 "http://localhost:8000/" "Mozilla/5.0 (Windows NT 10.0; Win64; x64) AppleWebKit/537.36 (KHTML, like Gecko) Chrome/84.0.4147.89 Safari/537.36"
